{"numFailedTestSuites":0,"numFailedTests":0,"numPassedTestSuites":1,"numPassedTests":5,"numPendingTestSuites":0,"numPendingTests":0,"numRuntimeErrorTestSuites":0,"numTodoTests":0,"numTotalTestSuites":1,"numTotalTests":5,"openHandles":[],"snapshot":{"added":0,"didUpdate":false,"failure":false,"filesAdded":0,"filesRemoved":0,"filesRemovedList":[],"filesUnmatched":0,"filesUpdated":0,"matched":0,"total":0,"unchecked":0,"uncheckedKeysByFile":[],"unmatched":0,"updated":0},"startTime":1773780318886,"success":true,"testResults":[{"assertionResults":[{"ancestorTitles":["Booking & Wallet Integration Tests"],"duration":926,"failing":false,"failureDetails":[],"failureMessages":[],"fullName":"Booking & Wallet Integration Tests Test A: Happy Path - Complete Booking Flow","invocations":1,"location":null,"numPassingAsserts":13,"retryReasons":[],"startAt":1773780322836,"status":"passed","title":"Test A: Happy Path - Complete Booking Flow"},{"ancestorTitles":["Booking & Wallet Integration Tests"],"duration":165,"failing":false,"failureDetails":[],"failureMessages":[],"fullName":"Booking & Wallet Integration Tests Test B: Priest Rejects Booking","invocations":1,"location":null,"numPassingAsserts":3,"retryReasons":[],"startAt":1773780323764,"status":"passed","title":"Test B: Priest Rejects Booking"},{"ancestorTitles":["Booking & Wallet Integration Tests"],"duration":198,"failing":false,"failureDetails":[],"failureMessages":[],"fullName":"Booking & Wallet Integration Tests Test C: Devotee Cancels Post-Payment","invocations":1,"location":null,"numPassingAsserts":3,"retryReasons":[],"startAt":1773780323930,"status":"passed","title":"Test C: Devotee Cancels Post-Payment"},{"ancestorTitles":["Booking & Wallet Integration Tests"],"duration":157,"failing":false,"failureDetails":[],"failureMessages":[],"fullName":"Booking & Wallet Integration Tests Test D: Priest Cancels Post-Payment","invocations":1,"location":null,"numPassingAsserts":2,"retryReasons":[],"startAt":1773780324129,"status":"passed","title":"Test D: Priest Cancels Post-Payment"},{"ancestorTitles":["Booking & Wallet Integration Tests"],"duration":79,"failing":false,"failureDetails":[],"failureMessages":[],"fullName":"Booking & Wallet Integration Tests Validation: Reject Illegal Transitions","invocations":1,"location":null,"numPassingAsserts":2,"retryReasons":[],"startAt":1773780324287,"status":"passed","title":"Validation: Reject Illegal Transitions"}],"endTime":1773780324647,"message":"","name":"C:\\Users\\pgopa\\OneDrive\\Documents\\GitHub\\BMPserver\\tests\\integration\\booking.test.js","startTime":1773780318993,"status":"passed","summary":""}],"wasInterrupted":false}
