{"numFailedTestSuites":1,"numFailedTests":1,"numPassedTestSuites":0,"numPassedTests":0,"numPendingTestSuites":0,"numPendingTests":0,"numRuntimeErrorTestSuites":0,"numTodoTests":0,"numTotalTestSuites":1,"numTotalTests":1,"openHandles":[],"snapshot":{"added":0,"didUpdate":false,"failure":false,"filesAdded":0,"filesRemoved":0,"filesRemovedList":[],"filesUnmatched":0,"filesUpdated":0,"matched":0,"total":0,"unchecked":0,"uncheckedKeysByFile":[],"unmatched":0,"updated":0},"startTime":1767176327039,"success":false,"testResults":[{"assertionResults":[{"ancestorTitles":["Priest Signup & Profile Integration"],"duration":510,"failing":false,"failureDetails":[{}],"failureMessages":["TypeError: Cannot read properties of undefined (reading 'length')\n    at Object.length (C:\\Users\\pgopa\\OneDrive\\Documents\\GitHub\\BMPserver\\tests\\integration\\priestSignupFlow.test.js:59:38)\n    at processTicksAndRejections (node:internal/process/task_queues:105:5)"],"fullName":"Priest Signup & Profile Integration Full Priest Onboarding Flow","invocations":1,"location":null,"numPassingAsserts":3,"retryReasons":[],"startAt":1767176330375,"status":"failed","title":"Full Priest Onboarding Flow"}],"endTime":1767176331225,"message":"\u001b[1m\u001b[31m  \u001b[1m● \u001b[22m\u001b[1mPriest Signup & Profile Integration › Full Priest Onboarding Flow\u001b[39m\u001b[22m\n\n    TypeError: Cannot read properties of undefined (reading 'length')\n\u001b[2m\u001b[22m\n\u001b[2m    \u001b[0m \u001b[90m 57 |\u001b[39m             \u001b[22m\n\u001b[2m     \u001b[90m 58 |\u001b[39m         expect(ceremonyRes\u001b[33m.\u001b[39mstatusCode)\u001b[33m.\u001b[39mtoBe(\u001b[35m200\u001b[39m)\u001b[33m;\u001b[39m\u001b[22m\n\u001b[2m    \u001b[31m\u001b[1m>\u001b[22m\u001b[2m\u001b[39m\u001b[90m 59 |\u001b[39m         expect(ceremonyRes\u001b[33m.\u001b[39mbody\u001b[33m.\u001b[39mdata\u001b[33m.\u001b[39mlength)\u001b[33m.\u001b[39mtoBeGreaterThan(\u001b[35m0\u001b[39m)\u001b[33m;\u001b[39m\u001b[22m\n\u001b[2m     \u001b[90m    |\u001b[39m                                      \u001b[31m\u001b[1m^\u001b[22m\u001b[2m\u001b[39m\u001b[22m\n\u001b[2m     \u001b[90m 60 |\u001b[39m         \u001b[22m\n\u001b[2m     \u001b[90m 61 |\u001b[39m         \u001b[90m// 3. UPDATE PROFILE DETAILS\u001b[39m\u001b[22m\n\u001b[2m     \u001b[90m 62 |\u001b[39m         \u001b[36mconst\u001b[39m updateRes \u001b[33m=\u001b[39m \u001b[36mawait\u001b[39m request(app)\u001b[0m\u001b[22m\n\u001b[2m\u001b[22m\n\u001b[2m      \u001b[2mat Object.length (\u001b[22m\u001b[2m\u001b[0m\u001b[36mtests/integration/priestSignupFlow.test.js\u001b[39m\u001b[0m\u001b[2m:59:38)\u001b[22m\u001b[2m\u001b[22m\n","name":"C:\\Users\\pgopa\\OneDrive\\Documents\\GitHub\\BMPserver\\tests\\integration\\priestSignupFlow.test.js","startTime":1767176327115,"status":"failed","summary":""}],"wasInterrupted":false}
